<?xml version="1.0" encoding="UTF-8"?>
<!-- Generated by org.testng.reporters.JUnitXMLReporter -->
<testsuite ignored="1" hostname="HP-5CG8283BFM" failures="1" tests="3" name="Test" time="0.308" errors="0" timestamp="2024-09-26T17:00:57 IST">
  <testcase classname="reporterPKG.TestClass_withoutListeners" name="test2" time="0.007"/>
  <testcase classname="reporterPKG.TestClass_withoutListeners" name="test3" time="0.002"/>
  <testcase classname="reporterPKG.TestClass_withoutListeners" name="test_fail" time="0.004">
    <failure type="junit.framework.AssertionFailedError">
      <![CDATA[junit.framework.AssertionFailedError
at junit.framework.Assert.fail(Assert.java:47)
at junit.framework.Assert.fail(Assert.java:53)
at reporterPKG.TestClass_withoutListeners.test_fail(TestClass_withoutListeners.java:63)
at java.base/java.util.ArrayList.forEach(ArrayList.java:1511)
... Removed 25 stack frames]]>
    </failure>
  </testcase> <!-- test_fail -->
  <testcase classname="reporterPKG.TestClass_withoutListeners" name="test13331313" time="0.0">
    <ignored/>
  </testcase> <!-- test13331313 -->
</testsuite> <!-- Test -->
