<?xml version="1.0" encoding="UTF-8"?>
<!-- Generated by org.testng.reporters.JUnitXMLReporter -->
<testsuite ignored="3" hostname="HP-5CG8283BFM" failures="0" tests="1" name="Test" time="0.113" errors="0" timestamp="2024-09-23T23:26:56 IST">
  <testcase classname="reporterPKG.TestClass" name="TestNgParametersTest" time="0.022"/>
  <testcase classname="reporterPKG.TestClass" name="test1" time="0.0">
    <ignored/>
  </testcase> <!-- test1 -->
  <testcase classname="reporterPKG.TestClass" name="test3" time="0.0">
    <ignored/>
  </testcase> <!-- test3 -->
  <testcase classname="reporterPKG.TestClass" name="test_fail" time="0.0">
    <ignored/>
  </testcase> <!-- test_fail -->
</testsuite> <!-- Test -->
