<?xml version="1.0" encoding="UTF-8"?>
<testng-results ignored="0" total="1" passed="1" failed="0" skipped="0">
  <reporter-output>
  </reporter-output>
  <suite started-at="2024-09-23T23:26:55 IST" name="Suite" finished-at="2024-09-23T23:26:55 IST" duration-ms="113">
    <groups>
      <group name="regression">
        <method signature="TestClass.TestNgParametersTest(java.lang.String,int,java.lang.String)[pri:0, instance:reporterPKG.TestClass@27462a88]" name="TestNgParametersTest" class="reporterPKG.TestClass"/>
      </group> <!-- regression -->
      <group name="smoke">
        <method signature="TestClass.TestNgParametersTest(java.lang.String,int,java.lang.String)[pri:0, instance:reporterPKG.TestClass@27462a88]" name="TestNgParametersTest" class="reporterPKG.TestClass"/>
      </group> <!-- smoke -->
    </groups>
    <test started-at="2024-09-23T23:26:55 IST" name="Test" finished-at="2024-09-23T23:26:55 IST" duration-ms="113">
      <class name="reporterPKG.TestClass">
        <test-method signature="TestNgParametersTest(java.lang.String,int,java.lang.String)[pri:0, instance:reporterPKG.TestClass@27462a88]" started-at="2024-09-23T23:26:55 IST" name="TestNgParametersTest" finished-at="2024-09-23T23:26:55 IST" duration-ms="22" status="PASS">
          <params>
            <param index="0">
              <value>
                <![CDATA[Tester1]]>
              </value>
            </param>
            <param index="1">
              <value>
                <![CDATA[30]]>
              </value>
            </param>
            <param index="2">
              <value>
                <![CDATA[HP-DPS]]>
              </value>
            </param>
          </params>
          <reporter-output>
          </reporter-output>
        </test-method> <!-- TestNgParametersTest -->
      </class> <!-- reporterPKG.TestClass -->
    </test> <!-- Test -->
  </suite> <!-- Suite -->
</testng-results>
